INFO:root:Listnado contenedores
DEBUG:root:Salida:
c8dbc599394f: gcr.io/k8s-minikube/kicbase:v0.0.47 - minikube
f4c3b9a4ad0a: dirac22/simple-app:1.1.0 - simple-app4
ac34cddfaedc: dirac22/simple-app:1.1.0 - simple-app3

INFO:root:Ejecutando comando dentro de Contendor
DEBUG:root:Salida:
PING google.com (172.217.192.100) 56(84) bytes of data.
64 bytes from cf-in-f100.1e100.net (172.217.192.100): icmp_seq=1 ttl=254 time=47.1 ms
64 bytes from cf-in-f100.1e100.net (172.217.192.100): icmp_seq=2 ttl=254 time=42.6 ms
64 bytes from cf-in-f100.1e100.net (172.217.192.100): icmp_seq=3 ttl=254 time=50.4 ms
64 bytes from cf-in-f100.1e100.net (172.217.192.100): icmp_seq=4 ttl=254 time=43.6 ms

--- google.com ping statistics ---
4 packets transmitted, 4 received, 0% packet loss, time 3008ms
rtt min/avg/max/mdev = 42.640/45.932/50.418/3.069 ms

INFO:root:Listnado pods
DEBUG:root:Salida:
NAME
simple-app-deployment-65958fd787-vfgwx
simple-app-deployment-65958fd787-x84h9

INFO:root:Ejecutando comando dentro de pod
DEBUG:root:Salida:
bin
boot
dev
etc
home
lib
lib32
lib64
libx32
media
mnt
opt
proc
root
run
sbin
srv
sys
tmp
usr
var

INFO:root:Listnado pods
DEBUG:root:Salida:
NAME
simple-app-deployment-65958fd787-vfgwx
simple-app-deployment-65958fd787-x84h9

INFO:root:Ejecutando comando dentro de pod
ERROR:root:Error:
touch: cannot touch '/erfre/rerve': No such file or directory
command terminated with exit code 1

